#
# A fatal error has been detected by the Java Runtime Environment:
#
#  Internal Error (javaClasses.cpp:136), pid=8708, tid=14656
#  fatal error: Invalid layout of preloaded class
#
# JRE version:  (7.0_51-b13) (build )
# Java VM: Java HotSpot(TM) 64-Bit Server VM (24.51-b03 mixed mode windows-amd64 compressed oops)
# Failed to write core dump. Minidumps are not enabled by default on client versions of Windows
#
# If you would like to submit a bug report, please visit:
#   http://bugreport.sun.com/bugreport/crash.jsp
#

---------------  T H R E A D  ---------------

Current thread (0x000000000234e000):  JavaThread "Unknown thread" [_thread_in_vm, id=14656, stack(0x00000000026a0000,0x00000000027a0000)]

Stack: [0x00000000026a0000,0x00000000027a0000]

---------------  P R O C E S S  ---------------

Java Threads: ( => current thread )

Other Threads:

=>0x000000000234e000 (exited) JavaThread "Unknown thread" [_thread_in_vm, id=14656, stack(0x00000000026a0000,0x00000000027a0000)]

VM state:not at safepoint (not fully initialized)

VM Mutex/Monitor currently owned by a thread: None

GC Heap History (0 events):
No events

Deoptimization events (0 events):
No events

Internal exceptions (0 events):
No events

Events (10 events):
Event: 0.031 loading class 0x000000000b2f0760 done
Event: 0.031 loading class 0x000000000b2f0180 done
Event: 0.031 loading class 0x000000000b2f0160
Event: 0.031 loading class 0x000000000b2f8260
Event: 0.031 loading class 0x000000000b2f8260 done
Event: 0.031 loading class 0x000000000b2f8290
Event: 0.032 loading class 0x000000000b2f8290 done
Event: 0.032 loading class 0x000000000b2f82c0
Event: 0.032 loading class 0x000000000b2f82c0 done
Event: 0.032 loading class 0x000000000b2f0160 done


Dynamic libraries:
0x000000013f5e0000 - 0x000000013f613000 	C:\Program Files\Java\jre7\bin\javaw.exe
0x0000000077940000 - 0x0000000077ae9000 	C:\Windows\SYSTEM32\ntdll.dll
0x0000000077820000 - 0x000000007793f000 	C:\Windows\system32\kernel32.dll
0x000007fefe000000 - 0x000007fefe06c000 	C:\Windows\system32\KERNELBASE.dll
0x0000000075150000 - 0x00000000751e6000 	C:\Windows\System32\SYSFER.DLL
0x000007feff210000 - 0x000007feff2eb000 	C:\Windows\system32\ADVAPI32.dll
0x000007feff910000 - 0x000007feff9af000 	C:\Windows\system32\msvcrt.dll
0x000007feffa50000 - 0x000007feffa6f000 	C:\Windows\SYSTEM32\sechost.dll
0x000007feff580000 - 0x000007feff6ad000 	C:\Windows\system32\RPCRT4.dll
0x0000000077260000 - 0x000000007735a000 	C:\Windows\system32\USER32.dll
0x000007fefe170000 - 0x000007fefe1d7000 	C:\Windows\system32\GDI32.dll
0x000007feff0a0000 - 0x000007feff0ae000 	C:\Windows\system32\LPK.dll
0x000007feff140000 - 0x000007feff209000 	C:\Windows\system32\USP10.dll
0x000007fefc9b0000 - 0x000007fefcba4000 	C:\Windows\WinSxS\amd64_microsoft.windows.common-controls_6595b64144ccf1df_6.0.7601.17514_none_fa396087175ac9ac\COMCTL32.dll
0x000007feff420000 - 0x000007feff491000 	C:\Windows\system32\SHLWAPI.dll
0x000007feff0b0000 - 0x000007feff0de000 	C:\Windows\system32\IMM32.DLL
0x000007feff2f0000 - 0x000007feff3f9000 	C:\Windows\system32\MSCTF.dll
0x000000005db90000 - 0x000000005dc62000 	C:\Program Files\Java\jre7\bin\msvcr100.dll
0x0000000051100000 - 0x00000000518c9000 	C:\Program Files\Java\jre7\bin\server\jvm.dll
0x000007fefaf70000 - 0x000007fefaf79000 	C:\Windows\system32\WSOCK32.dll
0x000007feff8c0000 - 0x000007feff90d000 	C:\Windows\system32\WS2_32.dll
0x000007feff090000 - 0x000007feff098000 	C:\Windows\system32\NSI.dll
0x000007fefc330000 - 0x000007fefc36b000 	C:\Windows\system32\WINMM.dll
0x0000000077b00000 - 0x0000000077b07000 	C:\Windows\system32\PSAPI.DLL
0x0000000073740000 - 0x000000007374f000 	C:\Program Files\Java\jre7\bin\verify.dll
0x0000000073710000 - 0x0000000073738000 	C:\Program Files\Java\jre7\bin\java.dll
0x00000000735e0000 - 0x00000000735f5000 	C:\Program Files\Java\jre7\bin\zip.dll

VM Arguments:
jvm_args: -Dfile.encoding=Cp1252 -Xbootclasspath:C:\Program Files (x86)\adt-bundle-windows-x86_64-20140321\sdk\platforms\android-19\android.jar 
java_command: com.example.thermostatapp.serverRequests
Launcher Type: SUN_STANDARD

Environment Variables:
PATH=C:\Program Files\Common Files\Microsoft Shared\Windows Live;C:\Program Files (x86)\NVIDIA Corporation\PhysX\Common;C:\Windows\system32;C:\Windows;C:\Windows\System32\Wbem;C:\Windows\System32\WindowsPowerShell\v1.0\;C:\Program Files (x86)\ATI Technologies\ATI.ACE\Core-Static;C:\Program Files\WIDCOMM\Bluetooth Software\;C:\Program Files\WIDCOMM\Bluetooth Software\syswow64;C:\Program Files (x86)\Common Files\Roxio Shared\DLLShared\;C:\Program Files (x86)\Common Files\Roxio Shared\OEM\DLLShared\;C:\Program Files (x86)\Common Files\Roxio Shared\OEM\DLLShared\;C:\Program Files (x86)\Common Files\Roxio Shared\OEM\12.0\DLLShared\;C:\Program Files (x86)\Roxio\OEM\AudioCore\;C:\Program Files\MATLAB\R2012a\bin;C:\Program Files (x86)\MiKTeX 2.9\miktex\bin\;C:\Program Files (x86)\Bitvise SSH Client;C:\Program Files\TortoiseSVN\bin;C:\Program Files\Common Files\Microsoft Shared\Windows Live
USERNAME=s128288
OS=Windows_NT
PROCESSOR_IDENTIFIER=Intel64 Family 6 Model 42 Stepping 7, GenuineIntel



---------------  S Y S T E M  ---------------

OS: Windows 7 , 64 bit Build 7601 Service Pack 1

CPU:total 8 (4 cores per cpu, 2 threads per core) family 6 model 42 stepping 7, cmov, cx8, fxsr, mmx, sse, sse2, sse3, ssse3, sse4.1, sse4.2, popcnt, avx, aes, ht, tsc, tscinvbit

Memory: 4k page, physical 8337772k(2334576k free), swap 16673680k(6192240k free)

vm_info: Java HotSpot(TM) 64-Bit Server VM (24.51-b03) for windows-amd64 JRE (1.7.0_51-b13), built on Dec 18 2013 18:40:56 by "java_re" with unknown MS VC++:1600

time: Sun Jun 22 11:36:11 2014
elapsed time: 0 seconds

